000 (140197.000.000) 05/25 00:54:45 Job submitted from host: <131.225.189.230:59378?addrs=131.225.189.230-59378>
...
000 (140197.001.000) 05/25 00:54:45 Job submitted from host: <131.225.189.230:59378?addrs=131.225.189.230-59378>
...
000 (140197.002.000) 05/25 00:54:45 Job submitted from host: <131.225.189.230:59378?addrs=131.225.189.230-59378>
...
000 (140197.003.000) 05/25 00:54:45 Job submitted from host: <131.225.189.230:59378?addrs=131.225.189.230-59378>
...
000 (140197.004.000) 05/25 00:54:45 Job submitted from host: <131.225.189.230:59378?addrs=131.225.189.230-59378>
...
001 (140197.001.000) 05/25 00:54:53 Job executing on host: <131.225.204.99:47163>
...
001 (140197.000.000) 05/25 00:54:53 Job executing on host: <131.225.207.157:35251>
...
001 (140197.002.000) 05/25 00:54:53 Job executing on host: <131.225.207.108:36598>
...
001 (140197.004.000) 05/25 00:54:53 Job executing on host: <131.225.207.150:55363>
...
001 (140197.003.000) 05/25 00:54:53 Job executing on host: <131.225.204.42:36406>
...
006 (140197.001.000) 05/25 00:54:53 Image size of job updated: 1
	0  -  MemoryUsage of job (MB)
	0  -  ResidentSetSize of job (KB)
...
006 (140197.000.000) 05/25 00:54:53 Image size of job updated: 1
	0  -  MemoryUsage of job (MB)
	0  -  ResidentSetSize of job (KB)
...
006 (140197.004.000) 05/25 00:54:53 Image size of job updated: 1
	0  -  MemoryUsage of job (MB)
	0  -  ResidentSetSize of job (KB)
...
006 (140197.002.000) 05/25 00:54:53 Image size of job updated: 1
	0  -  MemoryUsage of job (MB)
	0  -  ResidentSetSize of job (KB)
...
005 (140197.002.000) 05/25 00:54:53 Job terminated.
	(1) Normal termination (return value 127)
		Usr 0 00:00:00, Sys 0 00:00:00  -  Run Remote Usage
		Usr 0 00:00:00, Sys 0 00:00:00  -  Run Local Usage
		Usr 0 00:00:00, Sys 0 00:00:00  -  Total Remote Usage
		Usr 0 00:00:00, Sys 0 00:00:00  -  Total Local Usage
	718  -  Run Bytes Sent By Job
	9656  -  Run Bytes Received By Job
	718  -  Total Bytes Sent By Job
	9656  -  Total Bytes Received By Job
	Partitionable Resources :    Usage  Request Allocated
	   Cpus                 :                 1         1
	   Disk (KB)            :       21        1   3507110
	   Memory (MB)          :        0     2100      2100
...
006 (140197.003.000) 05/25 00:54:53 Image size of job updated: 1
	0  -  MemoryUsage of job (MB)
	0  -  ResidentSetSize of job (KB)
...
005 (140197.001.000) 05/25 00:54:54 Job terminated.
	(1) Normal termination (return value 127)
		Usr 0 00:00:00, Sys 0 00:00:00  -  Run Remote Usage
		Usr 0 00:00:00, Sys 0 00:00:00  -  Run Local Usage
		Usr 0 00:00:00, Sys 0 00:00:00  -  Total Remote Usage
		Usr 0 00:00:00, Sys 0 00:00:00  -  Total Local Usage
	718  -  Run Bytes Sent By Job
	9656  -  Run Bytes Received By Job
	718  -  Total Bytes Sent By Job
	9656  -  Total Bytes Received By Job
	Partitionable Resources :    Usage  Request Allocated
	   Cpus                 :                 1         1
	   Disk (KB)            :       21        1   3503652
	   Memory (MB)          :        0     2100      2100
...
005 (140197.000.000) 05/25 00:54:54 Job terminated.
	(1) Normal termination (return value 127)
		Usr 0 00:00:00, Sys 0 00:00:00  -  Run Remote Usage
		Usr 0 00:00:00, Sys 0 00:00:00  -  Run Local Usage
		Usr 0 00:00:00, Sys 0 00:00:00  -  Total Remote Usage
		Usr 0 00:00:00, Sys 0 00:00:00  -  Total Local Usage
	718  -  Run Bytes Sent By Job
	9656  -  Run Bytes Received By Job
	718  -  Total Bytes Sent By Job
	9656  -  Total Bytes Received By Job
	Partitionable Resources :    Usage  Request Allocated
	   Cpus                 :                 1         1
	   Disk (KB)            :       21        1   3519407
	   Memory (MB)          :        0     2100      2100
...
005 (140197.004.000) 05/25 00:54:54 Job terminated.
	(1) Normal termination (return value 127)
		Usr 0 00:00:00, Sys 0 00:00:00  -  Run Remote Usage
		Usr 0 00:00:00, Sys 0 00:00:00  -  Run Local Usage
		Usr 0 00:00:00, Sys 0 00:00:00  -  Total Remote Usage
		Usr 0 00:00:00, Sys 0 00:00:00  -  Total Local Usage
	718  -  Run Bytes Sent By Job
	9656  -  Run Bytes Received By Job
	718  -  Total Bytes Sent By Job
	9656  -  Total Bytes Received By Job
	Partitionable Resources :    Usage  Request Allocated
	   Cpus                 :                 1         1
	   Disk (KB)            :       21        1   3529664
	   Memory (MB)          :        0     2100      2100
...
005 (140197.003.000) 05/25 00:54:54 Job terminated.
	(1) Normal termination (return value 127)
		Usr 0 00:00:00, Sys 0 00:00:00  -  Run Remote Usage
		Usr 0 00:00:00, Sys 0 00:00:00  -  Run Local Usage
		Usr 0 00:00:00, Sys 0 00:00:00  -  Total Remote Usage
		Usr 0 00:00:00, Sys 0 00:00:00  -  Total Local Usage
	718  -  Run Bytes Sent By Job
	9656  -  Run Bytes Received By Job
	718  -  Total Bytes Sent By Job
	9656  -  Total Bytes Received By Job
	Partitionable Resources :    Usage  Request Allocated
	   Cpus                 :                 1         1
	   Disk (KB)            :       21        1   3565991
	   Memory (MB)          :        0     2100      2100
...
